<?xml version="1.0" encoding="UTF-8"?>
<testsuite name="com.studentapp.junit.studentinfo.FirstSerenityTest" time="0.694" tests="7" errors="2" skipped="3" failures="1">
  <properties>
[...]
</properties>
  <testcase name="thisIsAFailingTest" classname="com.studentapp.junit.studentinfo.FirstSerenityTest" time="0.088">
    <failure message="1 expectation failed.&#10;Expected status code &lt;500&gt; but was &lt;200&gt;.&#10;" type="java.lang.AssertionError"><![CDATA[java.lang.AssertionError: 1 expectation failed.
Expected status code <500> but was <200>.

	at sun.reflect.NativeConstructorAccessorImpl.newInstance0(Native Method)
	at sun.reflect.NativeConstructorAccessorImpl.newInstance(NativeConstructorAccessorImpl.java:62)
	at sun.reflect.DelegatingConstructorAccessorImpl.newInstance(DelegatingConstructorAccessorImpl.java:45)
	at java.lang.reflect.Constructor.newInstance(Constructor.java:423)
	at org.codehaus.groovy.reflection.CachedConstructor.invoke(CachedConstructor.java:83)
	at org.codehaus.groovy.reflection.CachedConstructor.doConstructorInvoke(CachedConstructor.java:77)
	at org.codehaus.groovy.runtime.callsite.ConstructorSite$ConstructorSiteNoUnwrap.callConstructor(ConstructorSite.java:84)
	at org.codehaus.groovy.runtime.callsite.AbstractCallSite.callConstructor(AbstractCallSite.java:247)
	at io.restassured.internal.ResponseSpecificationImpl$HamcrestAssertionClosure.validate(ResponseSpecificationImpl.groovy:471)
	at io.restassured.internal.ResponseSpecificationImpl$HamcrestAssertionClosure$validate$1.call(Unknown Source)
	at io.restassured.internal.ResponseSpecificationImpl.validateResponseIfRequired(ResponseSpecificationImpl.groovy:636)
	at sun.reflect.NativeMethodAccessorImpl.invoke0(Native Method)
	at sun.reflect.NativeMethodAccessorImpl.invoke(NativeMethodAccessorImpl.java:62)
	at sun.reflect.DelegatingMethodAccessorImpl.invoke(DelegatingMethodAccessorImpl.java:43)
	at java.lang.reflect.Method.invoke(Method.java:498)
	at org.codehaus.groovy.runtime.callsite.PogoMetaMethodSite$PogoCachedMethodSiteNoUnwrapNoCoerce.invoke(PogoMetaMethodSite.java:210)
	at org.codehaus.groovy.runtime.callsite.PogoMetaMethodSite.callCurrent(PogoMetaMethodSite.java:59)
	at org.codehaus.groovy.runtime.callsite.AbstractCallSite.callCurrent(AbstractCallSite.java:166)
	at io.restassured.internal.ResponseSpecificationImpl.statusCode(ResponseSpecificationImpl.groovy:122)
	at io.restassured.specification.ResponseSpecification$statusCode$0.callCurrent(Unknown Source)
	at io.restassured.internal.ResponseSpecificationImpl.statusCode(ResponseSpecificationImpl.groovy:130)
	at io.restassured.internal.ValidatableResponseOptionsImpl.statusCode(ValidatableResponseOptionsImpl.java:117)
	at com.studentapp.junit.studentinfo.FirstSerenityTest.thisIsAFailingTest(FirstSerenityTest.java:40)
]]></failure>
    <system-err><![CDATA[8014 [pool-1-thread-2] INFO net.thucydides.core.reports.json.JSONTestOutcomeReporter - Generating JSON report for This is pending test to file C:\Users\Mir\TestNG_workspace\StudentApp\target\site\serenity\9ebcc841e04a7b659587debf89565f790568626c8fa95e2ddc1453ff0f215970.json (using temp file C:\Users\Mir\TestNG_workspace\StudentApp\target\site\serenity\9ebcc841e04a7b659587debf89565f790568626c8fa95e2ddc1453ff0f215970.json48b59cb8-bc82-4d4d-bb65-c00fdcdf96d3)
8014 [pool-1-thread-3] INFO net.thucydides.core.reports.json.JSONTestOutcomeReporter - Generating JSON report for This test will get the information of all the students from the Student App to file C:\Users\Mir\TestNG_workspace\StudentApp\target\site\serenity\c7cffcb435cc95306e6f510abff24f303e9711a455e75a2fad6213752631124d.json (using temp file C:\Users\Mir\TestNG_workspace\StudentApp\target\site\serenity\c7cffcb435cc95306e6f510abff24f303e9711a455e75a2fad6213752631124d.json4d878791-933d-492c-9566-ac46ab44150e)
8014 [pool-1-thread-4] INFO net.thucydides.core.reports.json.JSONTestOutcomeReporter - Generating JSON report for This test should be execute manually to file C:\Users\Mir\TestNG_workspace\StudentApp\target\site\serenity\8b5b611811bd051b52cc044aae384a5ee43bb57791859130062414ea33c6b192.json (using temp file C:\Users\Mir\TestNG_workspace\StudentApp\target\site\serenity\8b5b611811bd051b52cc044aae384a5ee43bb57791859130062414ea33c6b192.jsonf51b831d-64a1-455e-8f44-e3a3f96d3718)
8034 [pool-1-thread-1] INFO net.thucydides.core.reports.json.JSONTestOutcomeReporter - Generating JSON report for This is a failing test to file C:\Users\Mir\TestNG_workspace\StudentApp\target\site\serenity\bacb8d55f48e264c71a9efe2c8e6481f41f2d528446df9dbd3b571bb149f4ca7.json (using temp file C:\Users\Mir\TestNG_workspace\StudentApp\target\site\serenity\bacb8d55f48e264c71a9efe2c8e6481f41f2d528446df9dbd3b571bb149f4ca7.json290f2dd4-75f0-4cf5-896b-28b2884756f2)
8080 [pool-1-thread-2] INFO net.thucydides.core.reports.json.JSONTestOutcomeReporter - Generating JSON report for File does not exist to file C:\Users\Mir\TestNG_workspace\StudentApp\target\site\serenity\44f8455e4c1844e1edbfe77b46500b3fb57a932644f2359115130e5200175a04.json (using temp file C:\Users\Mir\TestNG_workspace\StudentApp\target\site\serenity\44f8455e4c1844e1edbfe77b46500b3fb57a932644f2359115130e5200175a04.jsonc985336f-f753-471a-a00d-01f60d96ea1d)
8138 [pool-1-thread-1] INFO net.thucydides.core.reports.json.JSONTestOutcomeReporter - Generating JSON report for This is test with error to file C:\Users\Mir\TestNG_workspace\StudentApp\target\site\serenity\f9f623cbf3a034a1d0c50155d84c751004b8c9eb305086490301deb000afffcf.json (using temp file C:\Users\Mir\TestNG_workspace\StudentApp\target\site\serenity\f9f623cbf3a034a1d0c50155d84c751004b8c9eb305086490301deb000afffcf.json65aa7ab5-4713-4d6d-a81a-454160cfd498)
8141 [pool-1-thread-2] INFO net.thucydides.core.reports.json.JSONTestOutcomeReporter - Generating JSON report for Get all students to file C:\Users\Mir\TestNG_workspace\StudentApp\target\site\serenity\17580c9a7847b8aa041a362f9b0bf8212fe89accb0f9b4abaff713a8953707ce.json (using temp file C:\Users\Mir\TestNG_workspace\StudentApp\target\site\serenity\17580c9a7847b8aa041a362f9b0bf8212fe89accb0f9b4abaff713a8953707ce.json63628f8a-29b7-4a53-b3a1-4834686971d1)
8145 [pool-1-thread-4] INFO net.thucydides.core.reports.json.JSONTestOutcomeReporter - Generating JSON report for This is skipped test to file C:\Users\Mir\TestNG_workspace\StudentApp\target\site\serenity\531954fc1c4385ca3d40e30eb0c5d5d58dfdb5bde799ef7787828d8505c44b41.json (using temp file C:\Users\Mir\TestNG_workspace\StudentApp\target\site\serenity\531954fc1c4385ca3d40e30eb0c5d5d58dfdb5bde799ef7787828d8505c44b41.jsonca7a9a05-fa27-4f7e-ac0c-e22a8e59a0a3)
8855 [pool-1-thread-2] INFO net.thucydides.core.reports.html.HtmlAcceptanceTestReporter - GENERATING HTML REPORT FOR Serenity idinfo:thisIsPendingTest in 9ebcc841e04a7b659587debf89565f790568626c8fa95e2ddc1453ff0f215970.html in directory target\site\serenity  
9084 [pool-1-thread-3] INFO net.thucydides.core.reports.html.HtmlAcceptanceTestReporter - GENERATING HTML REPORT FOR Serenity idinfo:thisTestShouldBeExecuteManually in 8b5b611811bd051b52cc044aae384a5ee43bb57791859130062414ea33c6b192.html in directory target\site\serenity  
9089 [pool-1-thread-1] INFO net.thucydides.core.reports.html.HtmlAcceptanceTestReporter - GENERATING HTML REPORT FOR Serenity idinfo:thisIsAFailingTest in bacb8d55f48e264c71a9efe2c8e6481f41f2d528446df9dbd3b571bb149f4ca7.html in directory target\site\serenity  
9409 [pool-1-thread-4] INFO net.thucydides.core.reports.html.HtmlAcceptanceTestReporter - GENERATING HTML REPORT FOR Serenity idinfo:test01 in c7cffcb435cc95306e6f510abff24f303e9711a455e75a2fad6213752631124d.html in directory target\site\serenity  
9996 [pool-1-thread-1] INFO net.thucydides.core.reports.html.HtmlAcceptanceTestReporter - GENERATING HTML REPORT FOR Serenity idinfo:fileDoesNotExist in 44f8455e4c1844e1edbfe77b46500b3fb57a932644f2359115130e5200175a04.html in directory target\site\serenity  
10017 [pool-1-thread-3] INFO net.thucydides.core.reports.html.HtmlAcceptanceTestReporter - GENERATING HTML REPORT FOR Serenity idinfo:getAllStudents in 17580c9a7847b8aa041a362f9b0bf8212fe89accb0f9b4abaff713a8953707ce.html in directory target\site\serenity  
10029 [pool-1-thread-4] INFO net.thucydides.core.reports.html.HtmlAcceptanceTestReporter - GENERATING HTML REPORT FOR Serenity idinfo:thisIsSkippedTest in 531954fc1c4385ca3d40e30eb0c5d5d58dfdb5bde799ef7787828d8505c44b41.html in directory target\site\serenity  
10033 [pool-1-thread-1] INFO net.thucydides.core.reports.html.HtmlAcceptanceTestReporter - GENERATING HTML REPORT FOR Serenity idinfo:thisIsTestWithError in f9f623cbf3a034a1d0c50155d84c751004b8c9eb305086490301deb000afffcf.html in directory target\site\serenity  
10701 [main] INFO net.serenitybdd.core.Serenity - Test Suite Started: First serenity test
10949 [main] INFO net.serenitybdd.core.Serenity - 
 _____ _____ ____ _____   ____ _____  _    ____ _____ _____ ____  
|_   _| ____/ ___|_   _| / ___|_   _|/ \  |  _ \_   _| ____|  _ \ 
  | | |  _| \___ \ | |   \___ \ | | / _ \ | |_) || | |  _| | | | |
  | | | |___ ___) || |    ___) || |/ ___ \|  _ < | | | |___| |_| |
  |_| |_____|____/ |_|   |____/ |_/_/   \_\_| \_\|_| |_____|____/ 
                                                                  

TEST STARTED: thisIsAFailingTest
-------------------------------------------------------------------
10949 [main] INFO net.serenitybdd.core.Serenity - TEST NUMBER: 9
]]></system-err>
  </testcase>
  <testcase name="thisIsPendingTest" classname="com.studentapp.junit.studentinfo.FirstSerenityTest" time="0">
    <skipped/>
    <system-err><![CDATA[11015 [main] ERROR net.serenitybdd.core.Serenity - 
           __  _____ _____ ____ _____   _____ _    ___ _     _____ ____  
  _       / / |_   _| ____/ ___|_   _| |  ___/ \  |_ _| |   | ____|  _ \ 
 (_)_____| |    | | |  _| \___ \ | |   | |_ / _ \  | || |   |  _| | | | |
  _|_____| |    | | | |___ ___) || |   |  _/ ___ \ | || |___| |___| |_| |
 (_)     | |    |_| |_____|____/ |_|   |_|/_/   \_\___|_____|_____|____/ 
          \_\                                                            

TEST FAILED: This is a failing test
--------------------------------------------------------------------------
11016 [main] ERROR net.serenitybdd.core.Serenity - 1 expectation failed.Expected status code <500> but was <200>.
11213 [main] INFO net.serenitybdd.core.Serenity - 
 _____ _____ ____ _____   ____ _____  _    ____ _____ _____ ____  
|_   _| ____/ ___|_   _| / ___|_   _|/ \  |  _ \_   _| ____|  _ \ 
  | | |  _| \___ \ | |   \___ \ | | / _ \ | |_) || | |  _| | | | |
  | | | |___ ___) || |    ___) || |/ ___ \|  _ < | | | |___| |_| |
  |_| |_____|____/ |_|   |____/ |_/_/   \_\_| \_\|_| |_____|____/ 
                                                                  

TEST STARTED: thisIsPendingTest
-------------------------------------------------------------------
11213 [main] INFO net.serenitybdd.core.Serenity - TEST NUMBER: 10
11214 [main] INFO net.serenitybdd.core.Serenity - TEST PENDING
11215 [main] INFO net.serenitybdd.core.Serenity - 
          __  _____ _____ ____ _____   ____  _____ _   _ ____ ___ _   _  ____ 
 _       / / |_   _| ____/ ___|_   _| |  _ \| ____| \ | |  _ \_ _| \ | |/ ___|
(_)____ / /    | | |  _| \___ \ | |   | |_) |  _| |  \| | | | | ||  \| | |  _ 
 |_____/ /     | | | |___ ___) || |   |  __/| |___| |\  | |_| | || |\  | |_| |
(_)   /_/      |_| |_____|____/ |_|   |_|   |_____|_| \_|____/___|_| \_|\____|
                                                                                

TEST PENDING: This is pending test
---------------------------------------------------------------------------------
]]></system-err>
  </testcase>
  <testcase name="thisTestShouldBeExecuteManually" classname="com.studentapp.junit.studentinfo.FirstSerenityTest" time="0">
    <skipped/>
    <system-err><![CDATA[11393 [main] INFO net.serenitybdd.core.Serenity - 
 _____ _____ ____ _____   ____ _____  _    ____ _____ _____ ____  
|_   _| ____/ ___|_   _| / ___|_   _|/ \  |  _ \_   _| ____|  _ \ 
  | | |  _| \___ \ | |   \___ \ | | / _ \ | |_) || | |  _| | | | |
  | | | |___ ___) || |    ___) || |/ ___ \|  _ < | | | |___| |_| |
  |_| |_____|____/ |_|   |____/ |_/_/   \_\_| \_\|_| |_____|____/ 
                                                                  

TEST STARTED: thisTestShouldBeExecuteManually
-------------------------------------------------------------------
11393 [main] INFO net.serenitybdd.core.Serenity - TEST NUMBER: 11
11394 [main] INFO net.serenitybdd.core.Serenity - TEST MANUAL
11394 [main] INFO net.serenitybdd.core.Serenity - TEST PENDING
11395 [main] INFO net.serenitybdd.core.Serenity - 
          __  _____ _____ ____ _____   ____  _____ _   _ ____ ___ _   _  ____ 
 _       / / |_   _| ____/ ___|_   _| |  _ \| ____| \ | |  _ \_ _| \ | |/ ___|
(_)____ / /    | | |  _| \___ \ | |   | |_) |  _| |  \| | | | | ||  \| | |  _ 
 |_____/ /     | | | |___ ___) || |   |  __/| |___| |\  | |_| | || |\  | |_| |
(_)   /_/      |_| |_____|____/ |_|   |_|   |_____|_| \_|____/___|_| \_|\____|
                                                                                

TEST PENDING: This test should be execute manually
---------------------------------------------------------------------------------
]]></system-err>
  </testcase>
  <testcase name="fileDoesNotExist" classname="com.studentapp.junit.studentinfo.FirstSerenityTest" time="0.248">
    <error message="C:\tomtom.txt (The system cannot find the file specified)" type="java.io.FileNotFoundException"><![CDATA[java.io.FileNotFoundException: C:\tomtom.txt (The system cannot find the file specified)
	at java.io.FileInputStream.open0(Native Method)
	at java.io.FileInputStream.open(FileInputStream.java:195)
	at java.io.FileInputStream.<init>(FileInputStream.java:138)
	at java.io.FileReader.<init>(FileReader.java:72)
	at com.studentapp.junit.studentinfo.FirstSerenityTest.fileDoesNotExist(FirstSerenityTest.java:77)
]]></error>
    <system-err><![CDATA[11643 [main] INFO net.serenitybdd.core.Serenity - 
 _____ _____ ____ _____   ____ _____  _    ____ _____ _____ ____  
|_   _| ____/ ___|_   _| / ___|_   _|/ \  |  _ \_   _| ____|  _ \ 
  | | |  _| \___ \ | |   \___ \ | | / _ \ | |_) || | |  _| | | | |
  | | | |___ ___) || |    ___) || |/ ___ \|  _ < | | | |___| |_| |
  |_| |_____|____/ |_|   |____/ |_/_/   \_\_| \_\|_| |_____|____/ 
                                                                  

TEST STARTED: fileDoesNotExist
-------------------------------------------------------------------
11643 [main] INFO net.serenitybdd.core.Serenity - TEST NUMBER: 12
]]></system-err>
  </testcase>
  <testcase name="thisIsTestWithError" classname="com.studentapp.junit.studentinfo.FirstSerenityTest" time="0.176">
    <error message="/ by zero" type="java.lang.ArithmeticException">java.lang.ArithmeticException: / by zero
	at com.studentapp.junit.studentinfo.FirstSerenityTest.thisIsTestWithError(FirstSerenityTest.java:69)
</error>
    <system-err><![CDATA[11647 [main] ERROR net.serenitybdd.core.Serenity - 
           __  _____ _____ ____ _____   _____ _    ___ _     _____ ____  
  _       / / |_   _| ____/ ___|_   _| |  ___/ \  |_ _| |   | ____|  _ \ 
 (_)_____| |    | | |  _| \___ \ | |   | |_ / _ \  | || |   |  _| | | | |
  _|_____| |    | | | |___ ___) || |   |  _/ ___ \ | || |___| |___| |_| |
 (_)     | |    |_| |_____|____/ |_|   |_|/_/   \_\___|_____|_____|____/ 
          \_\                                                            

TEST COMPROMISED: File does not exist
-------------------------------------
11647 [main] ERROR net.serenitybdd.core.Serenity - C:\tomtom.txt (The system cannot find the file specified)
11825 [main] INFO net.serenitybdd.core.Serenity - 
 _____ _____ ____ _____   ____ _____  _    ____ _____ _____ ____  
|_   _| ____/ ___|_   _| / ___|_   _|/ \  |  _ \_   _| ____|  _ \ 
  | | |  _| \___ \ | |   \___ \ | | / _ \ | |_) || | |  _| | | | |
  | | | |___ ___) || |    ___) || |/ ___ \|  _ < | | | |___| |_| |
  |_| |_____|____/ |_|   |____/ |_/_/   \_\_| \_\|_| |_____|____/ 
                                                                  

TEST STARTED: thisIsTestWithError
-------------------------------------------------------------------
11825 [main] INFO net.serenitybdd.core.Serenity - TEST NUMBER: 13
]]></system-err>
  </testcase>
  <testcase name="getAllStudents" classname="com.studentapp.junit.studentinfo.FirstSerenityTest" time="0.182"/>
  <testcase name="thisIsSkippedTest" classname="com.studentapp.junit.studentinfo.FirstSerenityTest" time="0">
    <skipped/>
    <system-err><![CDATA[12013 [main] INFO net.serenitybdd.core.Serenity - 
        __    _____ _____ ____ _____   ____   _    ____  ____  _____ ____  
  _     \ \  |_   _| ____/ ___|_   _| |  _ \ / \  / ___|/ ___|| ____|  _ \ 
 (_)_____| |   | | |  _| \___ \ | |   | |_) / _ \ \___ \\___ \|  _| | | | |
  _|_____| |   | | | |___ ___) || |   |  __/ ___ \ ___) |___) | |___| |_| |
 (_)     | |   |_| |_____|____/ |_|   |_| /_/   \_\____/|____/|_____|____/ 
        /_/                                                                

TEST PASSED: Get all students
----------------------------------------------------------------------------
12171 [main] INFO net.serenitybdd.core.Serenity - 
 _____ _____ ____ _____   ____ _____  _    ____ _____ _____ ____  
|_   _| ____/ ___|_   _| / ___|_   _|/ \  |  _ \_   _| ____|  _ \ 
  | | |  _| \___ \ | |   \___ \ | | / _ \ | |_) || | |  _| | | | |
  | | | |___ ___) || |    ___) || |/ ___ \|  _ < | | | |___| |_| |
  |_| |_____|____/ |_|   |____/ |_/_/   \_\_| \_\|_| |_____|____/ 
                                                                  

TEST STARTED: thisIsSkippedTest
-------------------------------------------------------------------
12171 [main] INFO net.serenitybdd.core.Serenity - TEST NUMBER: 15
12171 [main] INFO net.serenitybdd.core.Serenity - TEST IGNORED
12172 [main] INFO net.serenitybdd.core.Serenity - 
            __  _____ _____ ____ _____   ____  _  _____ ____  ____  _____ ____  
  _        / / |_   _| ____/ ___|_   _| / ___|| |/ /_ _|  _ \|  _ \| ____|  _ \ 
 (_)_____ / /    | | |  _| \___ \ | |   \___ \| ' / | || |_) | |_) |  _| | | | |
  _|_____/ /     | | | |___ ___) || |    ___) | . \ | ||  __/|  __/| |___| |_| |
 (_)    /_/      |_| |_____|____/ |_|   |____/|_|\_\___|_|   |_|   |_____|____/ 
                                                                                

TEST SKIPPED: This is skipped test
---------------------------------------------------------------------------------
]]></system-err>
  </testcase>
</testsuite>