<?xml version="1.0" encoding="UTF-8"?><testsuite errors="1" failures="1" name="com.studentapp.junit.studentinfo.FirstSerenityTest" skipped="4" tests="7" time="1.46" timestamp="2020-11-328 11:56:30"><testcase classname="com.studentapp.junit.studentinfo.FirstSerenityTest" name="This is a failing test"><failure message="1 expectation failed.&#10;Expected status code &lt;500&gt; but was &lt;200&gt;.&#10;" type="java.lang.AssertionError">1 expectation failed.
Expected status code &lt;500&gt; but was &lt;200&gt;.
</failure><system-err>1 expectation failed.
Expected status code &lt;500&gt; but was &lt;200&gt;.
&#13;
io.restassured.internal.ResponseSpecificationImpl.validateResponseIfRequired(ResponseSpecificationImpl.groovy:636)&#13;
io.restassured.internal.ResponseSpecificationImpl.statusCode(ResponseSpecificationImpl.groovy:122)&#13;
io.restassured.internal.ResponseSpecificationImpl.statusCode(ResponseSpecificationImpl.groovy:130)&#13;
io.restassured.internal.ValidatableResponseOptionsImpl.statusCode(ValidatableResponseOptionsImpl.java:117)&#13;
com.studentapp.junit.studentinfo.FirstSerenityTest.thisIsAFailingTest(FirstSerenityTest.java:40)&#13;
</system-err></testcase><testcase classname="com.studentapp.junit.studentinfo.FirstSerenityTest" name="This is pending test"><skipped/></testcase><testcase classname="com.studentapp.junit.studentinfo.FirstSerenityTest" name="This test should be execute manually"><skipped/></testcase><testcase classname="com.studentapp.junit.studentinfo.FirstSerenityTest" name="File does not exist"><compromised message="C:\tomtom.txt (The system cannot find the file specified)" type="java.io.FileNotFoundException">C:\tomtom.txt (The system cannot find the file specified)</compromised><system-err>C:\tomtom.txt (The system cannot find the file specified)&#13;
com.studentapp.junit.studentinfo.FirstSerenityTest.fileDoesNotExist(FirstSerenityTest.java:77)&#13;
</system-err></testcase><testcase classname="com.studentapp.junit.studentinfo.FirstSerenityTest" name="This is test with error"><error message="/ by zero" type="java.lang.ArithmeticException">/ by zero</error><system-err>/ by zero&#13;
com.studentapp.junit.studentinfo.FirstSerenityTest.thisIsTestWithError(FirstSerenityTest.java:69)&#13;
</system-err></testcase><testcase classname="com.studentapp.junit.studentinfo.FirstSerenityTest" name="Get all students"/><testcase classname="com.studentapp.junit.studentinfo.FirstSerenityTest" name="This is skipped test"><skipped/></testcase></testsuite>