<?xml version="1.0" encoding="UTF-8"?><testsuite errors="1" failures="1" name="com.studentapp.junit.studentIdinfo.SerenityIdinfo" skipped="4" tests="8" time="6.58" timestamp="2020-11-328 11:56:20"><testcase classname="com.studentapp.junit.studentIdinfo.SerenityIdinfo" name="This is a failing test"><failure message="1 expectation failed.&#10;Expected status code &lt;500&gt; but was &lt;200&gt;.&#10;" type="java.lang.AssertionError">1 expectation failed.
Expected status code &lt;500&gt; but was &lt;200&gt;.
</failure><system-err>1 expectation failed.
Expected status code &lt;500&gt; but was &lt;200&gt;.
&#13;
io.restassured.internal.ResponseSpecificationImpl.validateResponseIfRequired(ResponseSpecificationImpl.groovy:636)&#13;
io.restassured.internal.ResponseSpecificationImpl.statusCode(ResponseSpecificationImpl.groovy:122)&#13;
io.restassured.internal.ResponseSpecificationImpl.statusCode(ResponseSpecificationImpl.groovy:130)&#13;
io.restassured.internal.ValidatableResponseOptionsImpl.statusCode(ValidatableResponseOptionsImpl.java:117)&#13;
com.studentapp.junit.studentIdinfo.SerenityIdinfo.thisIsAFailingTest(SerenityIdinfo.java:51)&#13;
</system-err></testcase><testcase classname="com.studentapp.junit.studentIdinfo.SerenityIdinfo" name="This is pending test"><skipped/></testcase><testcase classname="com.studentapp.junit.studentIdinfo.SerenityIdinfo" name="This test will get the information of all the students from the Student App"/><testcase classname="com.studentapp.junit.studentIdinfo.SerenityIdinfo" name="This test should be execute manually"><skipped/></testcase><testcase classname="com.studentapp.junit.studentIdinfo.SerenityIdinfo" name="File does not exist"><compromised message="C:\tomtom.txt (The system cannot find the file specified)" type="java.io.FileNotFoundException">C:\tomtom.txt (The system cannot find the file specified)</compromised><system-err>C:\tomtom.txt (The system cannot find the file specified)&#13;
com.studentapp.junit.studentIdinfo.SerenityIdinfo.fileDoesNotExist(SerenityIdinfo.java:88)&#13;
</system-err></testcase><testcase classname="com.studentapp.junit.studentIdinfo.SerenityIdinfo" name="This is test with error"><error message="/ by zero" type="java.lang.ArithmeticException">/ by zero</error><system-err>/ by zero&#13;
com.studentapp.junit.studentIdinfo.SerenityIdinfo.thisIsTestWithError(SerenityIdinfo.java:80)&#13;
</system-err></testcase><testcase classname="com.studentapp.junit.studentIdinfo.SerenityIdinfo" name="Get all students"/><testcase classname="com.studentapp.junit.studentIdinfo.SerenityIdinfo" name="This is skipped test"><skipped/></testcase></testsuite>